[0.485s] DEBUG:colcon:Command line arguments: ['/usr/bin/colcon', 'build']
[0.485s] DEBUG:colcon:Parsed command line arguments: Namespace(allow_overriding=[], ament_cmake_args=None, base_paths=['.'], build_base='build', catkin_cmake_args=None, catkin_skip_building_tests=False, cmake_args=None, cmake_clean_cache=False, cmake_clean_first=False, cmake_force_configure=False, cmake_target=None, cmake_target_skip_unavailable=False, continue_on_error=False, event_handlers=None, executor='parallel', ignore_user_meta=False, install_base='install', log_base=None, log_level=None, main=<bound method BuildVerb.main of <colcon_core.verb.build.BuildVerb object at 0x7f47e7c1f160>>, merge_install=False, metas=['./colcon.meta'], mixin=None, mixin_files=None, mixin_verb=('build',), packages_above=None, packages_above_and_dependencies=None, packages_above_depth=None, packages_end=None, packages_ignore=None, packages_ignore_regex=None, packages_select=None, packages_select_build_failed=False, packages_select_by_dep=None, packages_select_regex=None, packages_select_test_failures=False, packages_skip=None, packages_skip_build_finished=False, packages_skip_by_dep=None, packages_skip_regex=None, packages_skip_test_passed=False, packages_skip_up_to=None, packages_start=None, packages_up_to=None, packages_up_to_regex=None, parallel_workers=2, paths=None, symlink_install=False, test_result_base=None, verb_extension=<colcon_core.verb.build.BuildVerb object at 0x7f47e7c1f160>, verb_name='build', verb_parser=<colcon_mixin.mixin.mixin_argument.MixinArgumentDecorator object at 0x7f47e7b893d0>)
[0.782s] Level 1:colcon.colcon_core.package_discovery:discover_packages(colcon_meta) check parameters
[0.782s] Level 1:colcon.colcon_core.package_discovery:discover_packages(recursive) check parameters
[0.782s] Level 1:colcon.colcon_core.package_discovery:discover_packages(ignore) check parameters
[0.782s] Level 1:colcon.colcon_core.package_discovery:discover_packages(path) check parameters
[0.783s] Level 1:colcon.colcon_core.package_discovery:discover_packages(colcon_meta) discover
[0.783s] Level 1:colcon.colcon_core.package_discovery:discover_packages(recursive) discover
[0.783s] INFO:colcon.colcon_core.package_discovery:Crawling recursively for packages in '/home/meloncaully/lab1_ws'
[0.783s] Level 1:colcon.colcon_core.package_identification:_identify(.) by extensions ['ignore', 'ignore_ament_install']
[0.783s] Level 1:colcon.colcon_core.package_identification:_identify(.) by extension 'ignore'
[0.783s] Level 1:colcon.colcon_core.package_identification:_identify(.) by extension 'ignore_ament_install'
[0.783s] Level 1:colcon.colcon_core.package_identification:_identify(.) by extensions ['colcon_pkg']
[0.783s] Level 1:colcon.colcon_core.package_identification:_identify(.) by extension 'colcon_pkg'
[0.783s] Level 1:colcon.colcon_core.package_identification:_identify(.) by extensions ['colcon_meta']
[0.784s] Level 1:colcon.colcon_core.package_identification:_identify(.) by extension 'colcon_meta'
[0.784s] Level 1:colcon.colcon_core.package_identification:_identify(.) by extensions ['ros']
[0.784s] Level 1:colcon.colcon_core.package_identification:_identify(.) by extension 'ros'
[0.809s] Level 1:colcon.colcon_core.package_identification:_identify(.) by extensions ['cmake', 'python']
[0.809s] Level 1:colcon.colcon_core.package_identification:_identify(.) by extension 'cmake'
[0.810s] Level 1:colcon.colcon_core.package_identification:_identify(.) by extension 'python'
[0.810s] Level 1:colcon.colcon_core.package_identification:_identify(.) by extensions ['python_setup_py']
[0.810s] Level 1:colcon.colcon_core.package_identification:_identify(.) by extension 'python_setup_py'
[0.810s] Level 1:colcon.colcon_core.package_identification:_identify(build) by extensions ['ignore', 'ignore_ament_install']
[0.810s] Level 1:colcon.colcon_core.package_identification:_identify(build) by extension 'ignore'
[0.810s] Level 1:colcon.colcon_core.package_identification:_identify(build) ignored
[0.810s] Level 1:colcon.colcon_core.package_identification:_identify(install) by extensions ['ignore', 'ignore_ament_install']
[0.811s] Level 1:colcon.colcon_core.package_identification:_identify(install) by extension 'ignore'
[0.811s] Level 1:colcon.colcon_core.package_identification:_identify(install) ignored
[0.811s] Level 1:colcon.colcon_core.package_identification:_identify(log) by extensions ['ignore', 'ignore_ament_install']
[0.811s] Level 1:colcon.colcon_core.package_identification:_identify(log) by extension 'ignore'
[0.811s] Level 1:colcon.colcon_core.package_identification:_identify(log) ignored
[0.811s] Level 1:colcon.colcon_core.package_identification:_identify(src) by extensions ['ignore', 'ignore_ament_install']
[0.811s] Level 1:colcon.colcon_core.package_identification:_identify(src) by extension 'ignore'
[0.812s] Level 1:colcon.colcon_core.package_identification:_identify(src) by extension 'ignore_ament_install'
[0.812s] Level 1:colcon.colcon_core.package_identification:_identify(src) by extensions ['colcon_pkg']
[0.812s] Level 1:colcon.colcon_core.package_identification:_identify(src) by extension 'colcon_pkg'
[0.812s] Level 1:colcon.colcon_core.package_identification:_identify(src) by extensions ['colcon_meta']
[0.812s] Level 1:colcon.colcon_core.package_identification:_identify(src) by extension 'colcon_meta'
[0.812s] Level 1:colcon.colcon_core.package_identification:_identify(src) by extensions ['ros']
[0.812s] Level 1:colcon.colcon_core.package_identification:_identify(src) by extension 'ros'
[0.812s] Level 1:colcon.colcon_core.package_identification:_identify(src) by extensions ['cmake', 'python']
[0.812s] Level 1:colcon.colcon_core.package_identification:_identify(src) by extension 'cmake'
[0.812s] Level 1:colcon.colcon_core.package_identification:_identify(src) by extension 'python'
[0.812s] Level 1:colcon.colcon_core.package_identification:_identify(src) by extensions ['python_setup_py']
[0.813s] Level 1:colcon.colcon_core.package_identification:_identify(src) by extension 'python_setup_py'
[0.813s] Level 1:colcon.colcon_core.package_identification:_identify(src/lab1_pkg) by extensions ['ignore', 'ignore_ament_install']
[0.813s] Level 1:colcon.colcon_core.package_identification:_identify(src/lab1_pkg) by extension 'ignore'
[0.813s] Level 1:colcon.colcon_core.package_identification:_identify(src/lab1_pkg) by extension 'ignore_ament_install'
[0.813s] Level 1:colcon.colcon_core.package_identification:_identify(src/lab1_pkg) by extensions ['colcon_pkg']
[0.813s] Level 1:colcon.colcon_core.package_identification:_identify(src/lab1_pkg) by extension 'colcon_pkg'
[0.813s] Level 1:colcon.colcon_core.package_identification:_identify(src/lab1_pkg) by extensions ['colcon_meta']
[0.813s] Level 1:colcon.colcon_core.package_identification:_identify(src/lab1_pkg) by extension 'colcon_meta'
[0.813s] Level 1:colcon.colcon_core.package_identification:_identify(src/lab1_pkg) by extensions ['ros']
[0.814s] Level 1:colcon.colcon_core.package_identification:_identify(src/lab1_pkg) by extension 'ros'
[0.857s] DEBUG:colcon.colcon_core.package_identification:Package 'src/lab1_pkg' with type 'ros.ament_python' and name 'lab1_pkg'
[0.857s] Level 1:colcon.colcon_core.package_discovery:discover_packages(recursive) using defaults
[0.857s] Level 1:colcon.colcon_core.package_discovery:discover_packages(ignore) discover
[0.857s] Level 1:colcon.colcon_core.package_discovery:discover_packages(ignore) using defaults
[0.857s] Level 1:colcon.colcon_core.package_discovery:discover_packages(path) discover
[0.857s] Level 1:colcon.colcon_core.package_discovery:discover_packages(path) using defaults
[0.892s] Level 1:colcon.colcon_core.package_discovery:discover_packages(prefix_path) check parameters
[0.892s] Level 1:colcon.colcon_core.package_discovery:discover_packages(prefix_path) discover
[0.895s] DEBUG:colcon.colcon_installed_package_information.package_discovery:Found 1 installed packages in /home/meloncaully/lab1_ws/install
[0.896s] DEBUG:colcon.colcon_installed_package_information.package_discovery:Found 1 installed packages in /home/meloncaully/ros2_ws/install
[0.898s] DEBUG:colcon.colcon_installed_package_information.package_discovery:Found 265 installed packages in /opt/ros/foxy
[0.903s] Level 1:colcon.colcon_core.package_discovery:discover_packages(prefix_path) using defaults
[1.048s] Level 5:colcon.colcon_core.verb:set package 'lab1_pkg' build argument 'cmake_args' from command line to 'None'
[1.049s] Level 5:colcon.colcon_core.verb:set package 'lab1_pkg' build argument 'cmake_target' from command line to 'None'
[1.049s] Level 5:colcon.colcon_core.verb:set package 'lab1_pkg' build argument 'cmake_target_skip_unavailable' from command line to 'False'
[1.049s] Level 5:colcon.colcon_core.verb:set package 'lab1_pkg' build argument 'cmake_clean_cache' from command line to 'False'
[1.049s] Level 5:colcon.colcon_core.verb:set package 'lab1_pkg' build argument 'cmake_clean_first' from command line to 'False'
[1.049s] Level 5:colcon.colcon_core.verb:set package 'lab1_pkg' build argument 'cmake_force_configure' from command line to 'False'
[1.049s] Level 5:colcon.colcon_core.verb:set package 'lab1_pkg' build argument 'ament_cmake_args' from command line to 'None'
[1.049s] Level 5:colcon.colcon_core.verb:set package 'lab1_pkg' build argument 'catkin_cmake_args' from command line to 'None'
[1.049s] Level 5:colcon.colcon_core.verb:set package 'lab1_pkg' build argument 'catkin_skip_building_tests' from command line to 'False'
[1.049s] DEBUG:colcon.colcon_core.verb:Building package 'lab1_pkg' with the following arguments: {'ament_cmake_args': None, 'build_base': '/home/meloncaully/lab1_ws/build/lab1_pkg', 'catkin_cmake_args': None, 'catkin_skip_building_tests': False, 'cmake_args': None, 'cmake_clean_cache': False, 'cmake_clean_first': False, 'cmake_force_configure': False, 'cmake_target': None, 'cmake_target_skip_unavailable': False, 'install_base': '/home/meloncaully/lab1_ws/install/lab1_pkg', 'merge_install': False, 'path': '/home/meloncaully/lab1_ws/src/lab1_pkg', 'symlink_install': False, 'test_result_base': None}
[1.049s] INFO:colcon.colcon_core.executor:Executing jobs using 'parallel' executor
[1.052s] DEBUG:colcon.colcon_parallel_executor.executor.parallel:run_until_complete
[1.052s] INFO:colcon.colcon_ros.task.ament_python.build:Building ROS package in '/home/meloncaully/lab1_ws/src/lab1_pkg' with build type 'ament_python'
[1.053s] Level 1:colcon.colcon_core.shell:create_environment_hook('lab1_pkg', 'ament_prefix_path')
[1.058s] INFO:colcon.colcon_core.plugin_system:Skipping extension 'colcon_core.shell.bat': Not used on non-Windows systems
[1.059s] INFO:colcon.colcon_core.shell:Creating environment hook '/home/meloncaully/lab1_ws/install/lab1_pkg/share/lab1_pkg/hook/ament_prefix_path.ps1'
[1.066s] INFO:colcon.colcon_core.shell:Creating environment descriptor '/home/meloncaully/lab1_ws/install/lab1_pkg/share/lab1_pkg/hook/ament_prefix_path.dsv'
[1.068s] INFO:colcon.colcon_core.shell:Creating environment hook '/home/meloncaully/lab1_ws/install/lab1_pkg/share/lab1_pkg/hook/ament_prefix_path.sh'
[1.070s] INFO:colcon.colcon_core.shell:Skip shell extension 'powershell' for command environment: Not usable outside of PowerShell
[1.070s] DEBUG:colcon.colcon_core.shell:Skip shell extension 'dsv' for command environment
[1.597s] INFO:colcon.colcon_core.task.python.build:Building Python package in '/home/meloncaully/lab1_ws/src/lab1_pkg'
[1.599s] INFO:colcon.colcon_core.shell:Skip shell extension 'powershell' for command environment: Not usable outside of PowerShell
[1.599s] DEBUG:colcon.colcon_core.shell:Skip shell extension 'dsv' for command environment
[3.134s] DEBUG:colcon.colcon_core.event_handler.log_command:Invoking command in '/home/meloncaully/lab1_ws/src/lab1_pkg': PYTHONPATH=/home/meloncaully/lab1_ws/build/lab1_pkg/prefix_override:/usr/lib/python3/dist-packages/colcon_core/task/python/colcon_distutils_commands:/home/meloncaully/lab1_ws/install/lab1_pkg/lib/python3.8/site-packages:${PYTHONPATH} /usr/bin/python3 -W ignore:setup.py install is deprecated setup.py egg_info --egg-base ../../build/lab1_pkg build --build-base /home/meloncaully/lab1_ws/build/lab1_pkg/build install --record /home/meloncaully/lab1_ws/build/lab1_pkg/install.log --install-scripts $base/lib/lab1_pkg --single-version-externally-managed install_data
[4.000s] DEBUG:colcon.colcon_core.event_handler.log_command:Invoked command in '/home/meloncaully/lab1_ws/src/lab1_pkg' returned '0': PYTHONPATH=/home/meloncaully/lab1_ws/build/lab1_pkg/prefix_override:/usr/lib/python3/dist-packages/colcon_core/task/python/colcon_distutils_commands:/home/meloncaully/lab1_ws/install/lab1_pkg/lib/python3.8/site-packages:${PYTHONPATH} /usr/bin/python3 -W ignore:setup.py install is deprecated setup.py egg_info --egg-base ../../build/lab1_pkg build --build-base /home/meloncaully/lab1_ws/build/lab1_pkg/build install --record /home/meloncaully/lab1_ws/build/lab1_pkg/install.log --install-scripts $base/lib/lab1_pkg --single-version-externally-managed install_data
[4.009s] Level 1:colcon.colcon_core.environment:checking '/home/meloncaully/lab1_ws/install/lab1_pkg' for CMake module files
[4.011s] Level 1:colcon.colcon_core.environment:checking '/home/meloncaully/lab1_ws/install/lab1_pkg' for CMake config files
[4.013s] Level 1:colcon.colcon_core.environment:checking '/home/meloncaully/lab1_ws/install/lab1_pkg/lib'
[4.014s] Level 1:colcon.colcon_core.environment:checking '/home/meloncaully/lab1_ws/install/lab1_pkg/bin'
[4.017s] Level 1:colcon.colcon_core.environment:checking '/home/meloncaully/lab1_ws/install/lab1_pkg/lib/pkgconfig/lab1_pkg.pc'
[4.018s] Level 1:colcon.colcon_core.environment:checking '/home/meloncaully/lab1_ws/install/lab1_pkg/lib/python3.8/site-packages'
[4.019s] Level 1:colcon.colcon_core.shell:create_environment_hook('lab1_pkg', 'pythonpath')
[4.019s] INFO:colcon.colcon_core.shell:Creating environment hook '/home/meloncaully/lab1_ws/install/lab1_pkg/share/lab1_pkg/hook/pythonpath.ps1'
[4.021s] INFO:colcon.colcon_core.shell:Creating environment descriptor '/home/meloncaully/lab1_ws/install/lab1_pkg/share/lab1_pkg/hook/pythonpath.dsv'
[4.023s] INFO:colcon.colcon_core.shell:Creating environment hook '/home/meloncaully/lab1_ws/install/lab1_pkg/share/lab1_pkg/hook/pythonpath.sh'
[4.024s] Level 1:colcon.colcon_core.environment:checking '/home/meloncaully/lab1_ws/install/lab1_pkg/bin'
[4.024s] Level 1:colcon.colcon_core.environment:create_environment_scripts_only(lab1_pkg)
[4.025s] INFO:colcon.colcon_core.shell:Creating package script '/home/meloncaully/lab1_ws/install/lab1_pkg/share/lab1_pkg/package.ps1'
[4.028s] INFO:colcon.colcon_core.shell:Creating package descriptor '/home/meloncaully/lab1_ws/install/lab1_pkg/share/lab1_pkg/package.dsv'
[4.030s] INFO:colcon.colcon_core.shell:Creating package script '/home/meloncaully/lab1_ws/install/lab1_pkg/share/lab1_pkg/package.sh'
[4.032s] INFO:colcon.colcon_core.shell:Creating package script '/home/meloncaully/lab1_ws/install/lab1_pkg/share/lab1_pkg/package.bash'
[4.034s] INFO:colcon.colcon_core.shell:Creating package script '/home/meloncaully/lab1_ws/install/lab1_pkg/share/lab1_pkg/package.zsh'
[4.036s] Level 1:colcon.colcon_core.environment:create_file_with_runtime_dependencies(/home/meloncaully/lab1_ws/install/lab1_pkg/share/colcon-core/packages/lab1_pkg)
[4.037s] DEBUG:colcon.colcon_parallel_executor.executor.parallel:closing loop
[4.038s] DEBUG:colcon.colcon_parallel_executor.executor.parallel:loop closed
[4.039s] DEBUG:colcon.colcon_parallel_executor.executor.parallel:run_until_complete finished with '0'
[4.039s] DEBUG:colcon.colcon_core.event_reactor:joining thread
[4.098s] INFO:colcon.colcon_core.plugin_system:Skipping extension 'colcon_notification.desktop_notification.notify_send': Could not find 'notify-send'
[4.098s] INFO:colcon.colcon_core.plugin_system:Skipping extension 'colcon_notification.desktop_notification.terminal_notifier': Not used on non-Darwin systems
[4.098s] INFO:colcon.colcon_core.plugin_system:Skipping extension 'colcon_notification.desktop_notification.win32': Not used on non-Windows systems
[4.098s] INFO:colcon.colcon_notification.desktop_notification:Sending desktop notification using 'notify2'
[4.101s] DEBUG:colcon.colcon_notification.desktop_notification.notify2:Failed to initialize notify2: org.freedesktop.DBus.Error.ServiceUnknown: The name org.freedesktop.Notifications was not provided by any .service files
[4.101s] DEBUG:colcon.colcon_core.event_reactor:joined thread
[4.102s] INFO:colcon.colcon_core.shell:Creating prefix script '/home/meloncaully/lab1_ws/install/local_setup.ps1'
[4.103s] INFO:colcon.colcon_core.shell:Creating prefix util module '/home/meloncaully/lab1_ws/install/_local_setup_util_ps1.py'
[4.106s] INFO:colcon.colcon_core.shell:Creating prefix chain script '/home/meloncaully/lab1_ws/install/setup.ps1'
[4.109s] INFO:colcon.colcon_core.shell:Creating prefix script '/home/meloncaully/lab1_ws/install/local_setup.sh'
[4.110s] INFO:colcon.colcon_core.shell:Creating prefix util module '/home/meloncaully/lab1_ws/install/_local_setup_util_sh.py'
[4.111s] INFO:colcon.colcon_core.shell:Creating prefix chain script '/home/meloncaully/lab1_ws/install/setup.sh'
[4.114s] INFO:colcon.colcon_core.shell:Creating prefix script '/home/meloncaully/lab1_ws/install/local_setup.bash'
[4.115s] INFO:colcon.colcon_core.shell:Creating prefix chain script '/home/meloncaully/lab1_ws/install/setup.bash'
[4.116s] INFO:colcon.colcon_core.shell:Creating prefix script '/home/meloncaully/lab1_ws/install/local_setup.zsh'
[4.117s] INFO:colcon.colcon_core.shell:Creating prefix chain script '/home/meloncaully/lab1_ws/install/setup.zsh'
