running egg_info
writing ../../build/lab1_pkg/lab1_pkg.egg-info/PKG-INFO
writing dependency_links to ../../build/lab1_pkg/lab1_pkg.egg-info/dependency_links.txt
writing entry points to ../../build/lab1_pkg/lab1_pkg.egg-info/entry_points.txt
writing requirements to ../../build/lab1_pkg/lab1_pkg.egg-info/requires.txt
writing top-level names to ../../build/lab1_pkg/lab1_pkg.egg-info/top_level.txt
reading manifest file '../../build/lab1_pkg/lab1_pkg.egg-info/SOURCES.txt'
writing manifest file '../../build/lab1_pkg/lab1_pkg.egg-info/SOURCES.txt'
running build
running build_py
copying lab1_pkg/relay.py -> /home/meloncaully/lab1_ws/build/lab1_pkg/build/lib/lab1_pkg
running install
running install_lib
copying /home/meloncaully/lab1_ws/build/lab1_pkg/build/lib/lab1_pkg/relay.py -> /home/meloncaully/lab1_ws/install/lab1_pkg/lib/python3.8/site-packages/lab1_pkg
byte-compiling /home/meloncaully/lab1_ws/install/lab1_pkg/lib/python3.8/site-packages/lab1_pkg/relay.py to relay.cpython-38.pyc
running install_data
copying launch/lab1_launch.py -> /home/meloncaully/lab1_ws/install/lab1_pkg/share/lab1_pkg/launch
running install_egg_info
removing '/home/meloncaully/lab1_ws/install/lab1_pkg/lib/python3.8/site-packages/lab1_pkg-0.0.0-py3.8.egg-info' (and everything under it)
Copying ../../build/lab1_pkg/lab1_pkg.egg-info to /home/meloncaully/lab1_ws/install/lab1_pkg/lib/python3.8/site-packages/lab1_pkg-0.0.0-py3.8.egg-info
running install_scripts
Installing relay script to /home/meloncaully/lab1_ws/install/lab1_pkg/lib/lab1_pkg
Installing talker script to /home/meloncaully/lab1_ws/install/lab1_pkg/lib/lab1_pkg
writing list of installed files to '/home/meloncaully/lab1_ws/build/lab1_pkg/install.log'
