[2.682s] Invoking command in '/home/meloncaully/lab1_ws/src/lab1_pkg': PYTHONPATH=/home/meloncaully/lab1_ws/build/lab1_pkg/prefix_override:/usr/lib/python3/dist-packages/colcon_core/task/python/colcon_distutils_commands:/home/meloncaully/lab1_ws/install/lab1_pkg/lib/python3.8/site-packages:${PYTHONPATH} /usr/bin/python3 -W ignore:setup.py install is deprecated setup.py egg_info --egg-base ../../build/lab1_pkg build --build-base /home/meloncaully/lab1_ws/build/lab1_pkg/build install --record /home/meloncaully/lab1_ws/build/lab1_pkg/install.log --install-scripts $base/lib/lab1_pkg --single-version-externally-managed install_data
[3.413s] running egg_info
[3.415s] writing ../../build/lab1_pkg/lab1_pkg.egg-info/PKG-INFO
[3.416s] writing dependency_links to ../../build/lab1_pkg/lab1_pkg.egg-info/dependency_links.txt
[3.417s] writing entry points to ../../build/lab1_pkg/lab1_pkg.egg-info/entry_points.txt
[3.417s] writing requirements to ../../build/lab1_pkg/lab1_pkg.egg-info/requires.txt
[3.417s] writing top-level names to ../../build/lab1_pkg/lab1_pkg.egg-info/top_level.txt
[3.512s] reading manifest file '../../build/lab1_pkg/lab1_pkg.egg-info/SOURCES.txt'
[3.514s] writing manifest file '../../build/lab1_pkg/lab1_pkg.egg-info/SOURCES.txt'
[3.515s] running build
[3.516s] running build_py
[3.516s] running install
[3.518s] running install_lib
[3.521s] running install_data
[3.521s] copying launch/lab1_launch.py -> /home/meloncaully/lab1_ws/install/lab1_pkg/share/lab1_pkg/launch
[3.522s] running install_egg_info
[3.525s] removing '/home/meloncaully/lab1_ws/install/lab1_pkg/lib/python3.8/site-packages/lab1_pkg-0.0.0-py3.8.egg-info' (and everything under it)
[3.525s] Copying ../../build/lab1_pkg/lab1_pkg.egg-info to /home/meloncaully/lab1_ws/install/lab1_pkg/lib/python3.8/site-packages/lab1_pkg-0.0.0-py3.8.egg-info
[3.527s] running install_scripts
[3.588s] Installing talker = lab1_pkg.talker:mainrelay script to /home/meloncaully/lab1_ws/install/lab1_pkg/lib/lab1_pkg
[3.588s] writing list of installed files to '/home/meloncaully/lab1_ws/build/lab1_pkg/install.log'
[3.771s] Invoked command in '/home/meloncaully/lab1_ws/src/lab1_pkg' returned '0': PYTHONPATH=/home/meloncaully/lab1_ws/build/lab1_pkg/prefix_override:/usr/lib/python3/dist-packages/colcon_core/task/python/colcon_distutils_commands:/home/meloncaully/lab1_ws/install/lab1_pkg/lib/python3.8/site-packages:${PYTHONPATH} /usr/bin/python3 -W ignore:setup.py install is deprecated setup.py egg_info --egg-base ../../build/lab1_pkg build --build-base /home/meloncaully/lab1_ws/build/lab1_pkg/build install --record /home/meloncaully/lab1_ws/build/lab1_pkg/install.log --install-scripts $base/lib/lab1_pkg --single-version-externally-managed install_data
