[1.593s] Invoking command in '/home/meloncaully/lab1_ws/src/lab1_pkg': PYTHONPATH=/home/meloncaully/lab1_ws/build/lab1_pkg/prefix_override:/usr/lib/python3/dist-packages/colcon_core/task/python/colcon_distutils_commands:/home/meloncaully/lab1_ws/install/lab1_pkg/lib/python3.8/site-packages:${PYTHONPATH} /usr/bin/python3 -W ignore:setup.py install is deprecated setup.py egg_info --egg-base ../../build/lab1_pkg build --build-base /home/meloncaully/lab1_ws/build/lab1_pkg/build install --record /home/meloncaully/lab1_ws/build/lab1_pkg/install.log --install-scripts $base/lib/lab1_pkg --single-version-externally-managed install_data
[2.031s] running egg_info
[2.033s] creating ../../build/lab1_pkg/lab1_pkg.egg-info
[2.035s] writing ../../build/lab1_pkg/lab1_pkg.egg-info/PKG-INFO
[2.037s] writing dependency_links to ../../build/lab1_pkg/lab1_pkg.egg-info/dependency_links.txt
[2.044s] writing entry points to ../../build/lab1_pkg/lab1_pkg.egg-info/entry_points.txt
[2.045s] writing requirements to ../../build/lab1_pkg/lab1_pkg.egg-info/requires.txt
[2.047s] writing top-level names to ../../build/lab1_pkg/lab1_pkg.egg-info/top_level.txt
[2.073s] writing manifest file '../../build/lab1_pkg/lab1_pkg.egg-info/SOURCES.txt'
[2.144s] reading manifest file '../../build/lab1_pkg/lab1_pkg.egg-info/SOURCES.txt'
[2.146s] writing manifest file '../../build/lab1_pkg/lab1_pkg.egg-info/SOURCES.txt'
[2.147s] running build
[2.147s] running build_py
[2.148s] creating /home/meloncaully/lab1_ws/build/lab1_pkg/build
[2.149s] creating /home/meloncaully/lab1_ws/build/lab1_pkg/build/lib
[2.151s] creating /home/meloncaully/lab1_ws/build/lab1_pkg/build/lib/lab1_pkg
[2.152s] copying lab1_pkg/relay.py -> /home/meloncaully/lab1_ws/build/lab1_pkg/build/lib/lab1_pkg
[2.153s] copying lab1_pkg/__init__.py -> /home/meloncaully/lab1_ws/build/lab1_pkg/build/lib/lab1_pkg
[2.154s] copying lab1_pkg/talker.py -> /home/meloncaully/lab1_ws/build/lab1_pkg/build/lib/lab1_pkg
[2.155s] running install
[2.158s] running install_lib
[2.160s] creating /home/meloncaully/lab1_ws/install/lab1_pkg/lib/python3.8/site-packages/lab1_pkg
[2.161s] copying /home/meloncaully/lab1_ws/build/lab1_pkg/build/lib/lab1_pkg/relay.py -> /home/meloncaully/lab1_ws/install/lab1_pkg/lib/python3.8/site-packages/lab1_pkg
[2.163s] copying /home/meloncaully/lab1_ws/build/lab1_pkg/build/lib/lab1_pkg/__init__.py -> /home/meloncaully/lab1_ws/install/lab1_pkg/lib/python3.8/site-packages/lab1_pkg
[2.164s] copying /home/meloncaully/lab1_ws/build/lab1_pkg/build/lib/lab1_pkg/talker.py -> /home/meloncaully/lab1_ws/install/lab1_pkg/lib/python3.8/site-packages/lab1_pkg
[2.166s] byte-compiling /home/meloncaully/lab1_ws/install/lab1_pkg/lib/python3.8/site-packages/lab1_pkg/relay.py to relay.cpython-38.pyc
[2.170s] byte-compiling /home/meloncaully/lab1_ws/install/lab1_pkg/lib/python3.8/site-packages/lab1_pkg/__init__.py to __init__.cpython-38.pyc
[2.172s] byte-compiling /home/meloncaully/lab1_ws/install/lab1_pkg/lib/python3.8/site-packages/lab1_pkg/talker.py to talker.cpython-38.pyc
[2.174s] running install_data
[2.176s] creating /home/meloncaully/lab1_ws/install/lab1_pkg/share/ament_index
[2.176s] creating /home/meloncaully/lab1_ws/install/lab1_pkg/share/ament_index/resource_index
[2.177s] creating /home/meloncaully/lab1_ws/install/lab1_pkg/share/ament_index/resource_index/packages
[2.177s] copying resource/lab1_pkg -> /home/meloncaully/lab1_ws/install/lab1_pkg/share/ament_index/resource_index/packages
[2.180s] copying package.xml -> /home/meloncaully/lab1_ws/install/lab1_pkg/share/lab1_pkg
[2.180s] running install_egg_info
[2.181s] Copying ../../build/lab1_pkg/lab1_pkg.egg-info to /home/meloncaully/lab1_ws/install/lab1_pkg/lib/python3.8/site-packages/lab1_pkg-0.0.0-py3.8.egg-info
[2.182s] running install_scripts
[2.218s] Installing talker = lab1_pkg.talker:mainrelay script to /home/meloncaully/lab1_ws/install/lab1_pkg/lib/lab1_pkg
[2.218s] writing list of installed files to '/home/meloncaully/lab1_ws/build/lab1_pkg/install.log'
[2.268s] Invoked command in '/home/meloncaully/lab1_ws/src/lab1_pkg' returned '0': PYTHONPATH=/home/meloncaully/lab1_ws/build/lab1_pkg/prefix_override:/usr/lib/python3/dist-packages/colcon_core/task/python/colcon_distutils_commands:/home/meloncaully/lab1_ws/install/lab1_pkg/lib/python3.8/site-packages:${PYTHONPATH} /usr/bin/python3 -W ignore:setup.py install is deprecated setup.py egg_info --egg-base ../../build/lab1_pkg build --build-base /home/meloncaully/lab1_ws/build/lab1_pkg/build install --record /home/meloncaully/lab1_ws/build/lab1_pkg/install.log --install-scripts $base/lib/lab1_pkg --single-version-externally-managed install_data
